[dotenv@17.3.1] injecting env (3) from .env -- tip: ΓÜÖ∩╕Å  enable debug logging with { debug: true }
[dotenv@17.3.1] injecting env (0) from .env -- tip: ΓÜí∩╕Å secrets for agents: https://dotenvx.com/as2
node : node:internal/
modules/cjs/loader:12
52
At line:1 char:1
+ node server.js > 
error.log 2>&1
+ ~~~~~~~~~~~~~~~~~~~
~~~~~~~~~~~~
    + CategoryInfo   
           : NotSpe  
  cified: (node:in   
 ternal/modules/c    
js/loader:1252:S    
tring) [], Remot    
eException
    + FullyQualified 
   ErrorId : Native  
  CommandError
 
  throw err;
  ^

Error: Cannot find 
module 'multer'
Require stack:
- D:\AI CHAT MODERATI
ON\src\routes\auth.js
- D:\AI CHAT 
MODERATION\server.js
    at Function._reso
lveFilename (node:int
ernal/modules/cjs/loa
der:1249:15)
    at 
Function._load (node:
internal/modules/cjs/
loader:1075:27)
    at TracingChannel
.traceSync (node:diag
nostics_channel:315:1
4)
    at 
wrapModuleLoad (node:
internal/modules/cjs/
loader:218:24)
    at 
Module.require (node:
internal/modules/cjs/
loader:1340:12)
    at require (node:
internal/modules/help
ers:141:16)
    at 
Object.<anonymous> 
(D:\AI CHAT MODERATIO
N\src\routes\auth.js:
3:16)
    at 
Module._compile (node
:internal/modules/cjs
/loader:1546:14)
    at Object..js (no
de:internal/modules/c
js/loader:1689:10)
    at Module.load (n
ode:internal/modules/
cjs/loader:1318:32) {
  code: 
'MODULE_NOT_FOUND',
  requireStack: [
    'D:\\AI CHAT MODE
RATION\\src\\routes\\
auth.js',
    'D:\\AI CHAT MODE
RATION\\server.js'
  ]
}

Node.js v22.11.0
